<?xml version="1.0" encoding="UTF-8"?>
<!-- Generated by org.testng.reporters.JUnitXMLReporter -->
<testsuite ignored="5" hostname="DESKTOP-T6RVP4Q" failures="0" tests="3" name="example_test2" time="0.149" errors="0" timestamp="2024-02-16T11:48:36 IST">
  <testcase classname="Testng.Groups" name="interview" time="0.018"/>
  <testcase classname="Testng.Groups" name="interview2" time="0.002"/>
  <testcase classname="Testng.Groups" name="interview3" time="0.003"/>
  <testcase classname="Testng.Groups" name="a27" time="0.0">
    <ignored/>
  </testcase> <!-- a27 -->
  <testcase classname="Testng.Groups" name="a26" time="0.0">
    <ignored/>
  </testcase> <!-- a26 -->
  <testcase classname="Testng.Groups" name="a15" time="0.0">
    <ignored/>
  </testcase> <!-- a15 -->
  <testcase classname="Testng.Groups" name="a25" time="0.0">
    <ignored/>
  </testcase> <!-- a25 -->
  <testcase classname="Testng.Groups" name="interview4" time="0.0">
    <ignored/>
  </testcase> <!-- interview4 -->
</testsuite> <!-- example_test2 -->
